Warning: Design 'scrypt_new_proposed' has '164' unresolved references. For more detailed information, use the "link" command. (UID-341)
 
****************************************
Report : area
Design : scrypt_new_proposed
Version: N-2017.09-SP1
Date   : Sat Sep 19 18:05:59 2020
****************************************

Library(s) Used:

    ROHM18_WO_FF (File: /home/hoailuan/proj-emin/rohm18/rohm018lib/synthesis/lib/ROHM18_WO_FF.db)
    ROHM18_FF (File: /home/hoailuan/proj-emin/rohm18/rohm018lib/synthesis/lib/ROHM18_FF.db)

Number of ports:                       713459
Number of nets:                       1565987
Number of cells:                       691156
Number of combinational cells:         532171
Number of sequential cells:            156371
Number of macros/black boxes:               0
Number of buf/inv:                     172075
Number of references:                      82

Combinational area:            7749100.710950
Buf/Inv area:                  1733508.367986
Noncombinational area:        10423868.645050
Macro/Black Box area:                0.000000
Net Interconnect area:      undefined  (Wire load has zero net area)

Total cell area:              18172969.356000
Total area:                 undefined

Information: This design contains black box (unknown) components. (RPT-8)
1
